
/home/runner/work/exp-flow-branched-pipes-iitb/exp-flow-branched-pipes-iitb/experiment/simulation/common_libraries/js/ts_components/collapse_step.js
   1:10  warning  'show_step' is defined but never used                 no-unused-vars
   2:5   warning  '$' is not defined                                    no-undef
   3:9   warning  '$' is not defined                                    no-undef
   6:10  warning  'hide_step' is defined but never used                 no-unused-vars
   7:5   warning  '$' is not defined                                    no-undef
   8:9   warning  '$' is not defined                                    no-undef
  11:10  warning  'get_collapse_btn_text' is defined but never used     no-unused-vars
  20:10  warning  'get_collapse_btn_element' is defined but never used  no-unused-vars
  29:10  warning  'hide_all_steps' is defined but never used            no-unused-vars
  31:9   warning  '$' is not defined                                    no-undef

/home/runner/work/exp-flow-branched-pipes-iitb/exp-flow-branched-pipes-iitb/experiment/simulation/common_libraries/js/ts_components/matrix.js
   27:26  warning  'MathJax' is not defined                                no-undef
   32:7   warning  'Matrix_Without_String' is defined but never used       no-unused-vars
   52:26  warning  'MathJax' is not defined                                no-undef
   56:10  warning  'get_matrix_html' is defined but never used             no-unused-vars
   87:13  warning  'row_html' is assigned a value but never used           no-unused-vars
   99:10  warning  'get_matrix_html_with_title' is defined but never used  no-unused-vars
  131:13  warning  'row_html' is assigned a value but never used           no-unused-vars
  143:10  warning  'convert_2d_to_1d_vector' is defined but never used     no-unused-vars
  156:10  warning  'convert_1d_to_2d_matrix' is defined but never used     no-unused-vars

/home/runner/work/exp-flow-branched-pipes-iitb/exp-flow-branched-pipes-iitb/experiment/simulation/common_libraries/js/ts_components/pannel.js
  8:7  warning  'Pannel' is defined but never used  no-unused-vars

/home/runner/work/exp-flow-branched-pipes-iitb/exp-flow-branched-pipes-iitb/experiment/simulation/common_libraries/js/ts_components/questions.js
   6:17  warning  'op1' is assigned a value but never used      no-unused-vars
   7:17  warning  'op2' is assigned a value but never used      no-unused-vars
   8:17  warning  'op3' is assigned a value but never used      no-unused-vars
   9:17  warning  'op4' is assigned a value but never used      no-unused-vars
  94:7   warning  'Question_Options' is defined but never used  no-unused-vars

/home/runner/work/exp-flow-branched-pipes-iitb/exp-flow-branched-pipes-iitb/experiment/simulation/common_libraries/js/ts_components/tables.js
   19:22  warning  'verify_values' is not defined                                     no-undef
  137:22  warning  'verify_values' is not defined                                     no-undef
  260:7   warning  'Verify_Rows_Cols_6_decimal_places' is defined but never used      no-unused-vars
  311:22  warning  'verify_values' is not defined                                     no-undef
  416:7   warning  'Verify_Rows_Cols_Custom_Fixed_Update1' is defined but never used  no-unused-vars
  468:7   warning  'Show_Table_Custom_Fixed' is defined but never used                no-unused-vars
  506:7   warning  'Verify_Rows_Cols_Strings' is defined but never used               no-unused-vars
  527:22  warning  'verify_values' is not defined                                     no-undef
  663:7   warning  'Display_Table' is defined but never used                          no-unused-vars

/home/runner/work/exp-flow-branched-pipes-iitb/exp-flow-branched-pipes-iitb/experiment/simulation/common_libraries/js/ts_math_library/general_math_functions.js
    1:10  warning  'verify_values' is defined but never used                   no-unused-vars
   17:10  warning  'random1' is defined but never used                         no-unused-vars
   21:10  warning  'std_deviation' is defined but never used                   no-unused-vars
   26:10  warning  'gauss' is defined but never used                           no-unused-vars
   56:10  warning  'hide_panel' is defined but never used                      no-unused-vars
   63:10  warning  'inverse_matrix' is defined but never used                  no-unused-vars
   96:10  warning  'matrix_multiplication' is defined but never used           no-unused-vars
  113:10  warning  'transpose_matrix' is defined but never used                no-unused-vars
  123:10  warning  'matrix_multiplication_8decimal' is defined but never used  no-unused-vars
  140:10  warning  'adjoint_2x2_matrix' is defined but never used              no-unused-vars
  145:10  warning  'find_deteminant' is defined but never used                 no-unused-vars
  174:10  warning  'get_Submatrix' is defined but never used                   no-unused-vars

/home/runner/work/exp-flow-branched-pipes-iitb/exp-flow-branched-pipes-iitb/experiment/simulation/common_libraries/js/ts_math_library/regression.js
   1:10  warning  'regression_linear' is defined but never used            no-unused-vars
  18:10  warning  'regression_linear_1variable' is defined but never used  no-unused-vars
  27:10  warning  'regression_linear_2variable' is defined but never used  no-unused-vars
  52:11  warning  'gauss' is not defined                                   no-undef

/home/runner/work/exp-flow-branched-pipes-iitb/exp-flow-branched-pipes-iitb/experiment/simulation/common_libraries/math.ob.js
  1:745  warning  'b' is already defined  no-redeclare

/home/runner/work/exp-flow-branched-pipes-iitb/exp-flow-branched-pipes-iitb/experiment/simulation/js/activity1.js
   20:9    warning  'MathJax' is not defined                no-undef
   24:10   warning  'start_act1' is defined but never used  no-unused-vars
   29:20   warning  'get_collapse_btn_text' is not defined  no-undef
   35:31   warning  'ZA' is not defined                     no-undef
   35:109  warning  'ZB' is not defined                     no-undef
   35:187  warning  'ZC' is not defined                     no-undef
  205:38   warning  Unnecessary escape character: \ρ        no-useless-escape
  215:5    warning  'hide_all_steps' is not defined         no-undef
  217:9    warning  'show_step' is not defined              no-undef
  220:9    warning  'MathJax' is not defined                no-undef
  225:5    warning  'rv1' is not defined                    no-undef
  225:16   warning  'f' is not defined                      no-undef
  225:20   warning  'L1' is not defined                     no-undef
  225:31   warning  'g' is not defined                      no-undef
  225:35   warning  'd1_cal' is not defined                 no-undef
  226:5    warning  'rv2' is not defined                    no-undef
  226:16   warning  'f' is not defined                      no-undef
  226:20   warning  'L2' is not defined                     no-undef
  226:31   warning  'g' is not defined                      no-undef
  226:35   warning  'd2_cal' is not defined                 no-undef
  227:5    warning  'rv3' is not defined                    no-undef
  227:16   warning  'f' is not defined                      no-undef
  227:20   warning  'L3' is not defined                     no-undef
  227:31   warning  'g' is not defined                      no-undef
  227:35   warning  'd3_cal' is not defined                 no-undef
  228:5    warning  'ZAB' is not defined                    no-undef
  228:11   warning  'ZA' is not defined                     no-undef
  228:16   warning  'ZB' is not defined                     no-undef
  229:5    warning  'ZAC' is not defined                    no-undef
  229:11   warning  'ZA' is not defined                     no-undef
  229:16   warning  'ZC' is not defined                     no-undef
  230:5    warning  'A1' is not defined                     no-undef
  230:35   warning  'd1_cal' is not defined                 no-undef
  231:5    warning  'A2' is not defined                     no-undef
  231:35   warning  'd2_cal' is not defined                 no-undef
  232:5    warning  'A3' is not defined                     no-undef
  232:35   warning  'd3_cal' is not defined                 no-undef
  234:9    warning  'v1' is not defined                     no-undef
  235:14   warning  'A2' is not defined                     no-undef
  235:19   warning  'A1' is not defined                     no-undef
  235:36   warning  'ZAB' is not defined                    no-undef
  235:42   warning  'rv1' is not defined                    no-undef
  235:57   warning  'v1' is not defined                     no-undef
  235:67   warning  'rv2' is not defined                    no-undef
  236:18   warning  'A3' is not defined                     no-undef
  236:23   warning  'A1' is not defined                     no-undef
  236:40   warning  'ZAC' is not defined                    no-undef
  236:46   warning  'rv1' is not defined                    no-undef
  236:61   warning  'v1' is not defined                     no-undef
  236:71   warning  'rv3' is not defined                    no-undef
  237:33   warning  'v1' is not defined                     no-undef
  239:5    warning  'piezometric' is not defined            no-undef
  239:19   warning  'ZA' is not defined                     no-undef
  239:24   warning  'rv1' is not defined                    no-undef
  239:39   warning  'v1' is not defined                     no-undef
  241:10   warning  'verify0' is defined but never used     no-unused-vars
  243:24   warning  'ZA' is not defined                     no-undef
  244:24   warning  'ZB' is not defined                     no-undef
  245:24   warning  'ZC' is not defined                     no-undef
  246:27   warning  'rv1' is not defined                    no-undef
  247:27   warning  'rv2' is not defined                    no-undef
  248:27   warning  'rv3' is not defined                    no-undef
  249:27   warning  'ZAB' is not defined                    no-undef
  250:27   warning  'ZAC' is not defined                    no-undef
  251:26   warning  'A1' is not defined                     no-undef
  252:26   warning  'A2' is not defined                     no-undef
  253:26   warning  'A3' is not defined                     no-undef
  254:26   warning  'v1' is not defined                     no-undef
  255:35   warning  'piezometric' is not defined            no-undef
  302:10   warning  'verify_values' is not defined          no-undef
  302:82   warning  'ZA' is not defined                     no-undef
  306:10   warning  'verify_values' is not defined          no-undef
  306:82   warning  'rv1' is not defined                    no-undef
  310:10   warning  'verify_values' is not defined          no-undef
  310:82   warning  'ZB' is not defined                     no-undef
  314:10   warning  'verify_values' is not defined          no-undef
  314:82   warning  'rv2' is not defined                    no-undef
  318:10   warning  'verify_values' is not defined          no-undef
  318:82   warning  'ZAB' is not defined                    no-undef
  322:10   warning  'verify_values' is not defined          no-undef
  322:82   warning  'rv1' is not defined                    no-undef
  326:10   warning  'verify_values' is not defined          no-undef
  326:82   warning  'rv2' is not defined                    no-undef
  330:10   warning  'verify_values' is not defined          no-undef
  330:82   warning  'ZC' is not defined                     no-undef
  334:10   warning  'verify_values' is not defined          no-undef
  334:82   warning  'rv3' is not defined                    no-undef
  338:10   warning  'verify_values' is not defined          no-undef
  338:83   warning  'ZAC' is not defined                    no-undef
  342:10   warning  'verify_values' is not defined          no-undef
  342:83   warning  'rv1' is not defined                    no-undef
  346:10   warning  'verify_values' is not defined          no-undef
  346:83   warning  'rv3' is not defined                    no-undef
  350:10   warning  'verify_values' is not defined          no-undef
  350:83   warning  'ZAB' is not defined                    no-undef
  354:10   warning  'verify_values' is not defined          no-undef
  354:83   warning  'rv1' is not defined                    no-undef
  358:10   warning  'verify_values' is not defined          no-undef
  358:83   warning  'rv2' is not defined                    no-undef
  362:10   warning  'verify_values' is not defined          no-undef
  362:83   warning  'ZAC' is not defined                    no-undef
  366:10   warning  'verify_values' is not defined          no-undef
  366:83   warning  'rv1' is not defined                    no-undef
  370:10   warning  'verify_values' is not defined          no-undef
  370:83   warning  'rv3' is not defined                    no-undef
  374:10   warning  'verify_values' is not defined          no-undef
  374:83   warning  'A1' is not defined                     no-undef
  378:10   warning  'verify_values' is not defined          no-undef
  378:83   warning  'A2' is not defined                     no-undef
  382:10   warning  'verify_values' is not defined          no-undef
  382:83   warning  'A3' is not defined                     no-undef
  386:10   warning  'verify_values' is not defined          no-undef
  386:83   warning  'v1' is not defined                     no-undef
  390:10   warning  'verify_values' is not defined          no-undef
  390:83   warning  'piezometric' is not defined            no-undef
  396:24   warning  'ZA' is not defined                     no-undef
  398:24   warning  'rv1' is not defined                    no-undef
  400:24   warning  'ZB' is not defined                     no-undef
  402:24   warning  'rv2' is not defined                    no-undef
  404:24   warning  'ZAB' is not defined                    no-undef
  406:24   warning  'rv1' is not defined                    no-undef
  408:24   warning  'rv2' is not defined                    no-undef
  410:24   warning  'ZC' is not defined                     no-undef
  412:24   warning  'rv3' is not defined                    no-undef
  414:25   warning  'ZAC' is not defined                    no-undef
  416:25   warning  'rv1' is not defined                    no-undef
  418:25   warning  'rv3' is not defined                    no-undef
  420:25   warning  'ZAB' is not defined                    no-undef
  422:25   warning  'rv1' is not defined                    no-undef
  424:25   warning  'rv2' is not defined                    no-undef
  426:25   warning  'ZAC' is not defined                    no-undef
  428:25   warning  'rv1' is not defined                    no-undef
  430:25   warning  'rv3' is not defined                    no-undef
  432:25   warning  'A1' is not defined                     no-undef
  434:25   warning  'A2' is not defined                     no-undef
  436:25   warning  'A3' is not defined                     no-undef
  438:25   warning  'v1' is not defined                     no-undef
  440:25   warning  'piezometric' is not defined            no-undef

/home/runner/work/exp-flow-branched-pipes-iitb/exp-flow-branched-pipes-iitb/experiment/simulation/js/data.js
   2:5  warning  'g' is assigned a value but never used            no-unused-vars
   4:5  warning  'L1' is assigned a value but never used           no-unused-vars
   5:5  warning  'L2' is assigned a value but never used           no-unused-vars
   6:5  warning  'L3' is assigned a value but never used           no-unused-vars
  10:5  warning  'd1_cal' is assigned a value but never used       no-unused-vars
  11:5  warning  'd2_cal' is assigned a value but never used       no-unused-vars
  12:5  warning  'd3_cal' is assigned a value but never used       no-unused-vars
  13:5  warning  'ZA' is assigned a value but never used           no-unused-vars
  14:5  warning  'ZB' is assigned a value but never used           no-unused-vars
  15:5  warning  'ZC' is assigned a value but never used           no-unused-vars
  16:5  warning  'f' is assigned a value but never used            no-unused-vars
  17:5  warning  'rv1' is assigned a value but never used          no-unused-vars
  18:5  warning  'rv2' is assigned a value but never used          no-unused-vars
  19:5  warning  'rv3' is assigned a value but never used          no-unused-vars
  20:5  warning  'A1' is assigned a value but never used           no-unused-vars
  21:5  warning  'A2' is assigned a value but never used           no-unused-vars
  22:5  warning  'A3' is assigned a value but never used           no-unused-vars
  23:5  warning  'ZAB' is assigned a value but never used          no-unused-vars
  24:5  warning  'ZAC' is assigned a value but never used          no-unused-vars
  25:5  warning  'v1' is assigned a value but never used           no-unused-vars
  26:5  warning  'piezometric' is assigned a value but never used  no-unused-vars

✖ 210 problems (0 errors, 210 warnings)

